<?xml version="1.0" encoding="UTF-8"?>
<testng-results ignored="0" total="2" passed="2" failed="0" skipped="0">
  <reporter-output>
  </reporter-output>
  <suite started-at="2025-10-30T18:13:01 IST" name="SeleniumLoadSuite" finished-at="2025-10-30T18:23:09 IST" duration-ms="608094">
    <groups>
    </groups>
    <test started-at="2025-10-30T18:13:01 IST" name="UILoadTests" finished-at="2025-10-30T18:23:09 IST" duration-ms="608094">
      <class name="com.example.selenium.LoadTimeTest">
        <test-method signature="runForDuration(int)[pri:0, instance:com.example.selenium.LoadTimeTest@3febb011]" started-at="2025-10-30T18:13:01 IST" name="runForDuration" data-provider="workers" finished-at="2025-10-30T18:23:09 IST" duration-ms="608022" status="PASS">
          <params>
            <param index="0">
              <value>
                <![CDATA[0]]>
              </value>
            </param>
          </params>
          <reporter-output>
          </reporter-output>
        </test-method> <!-- runForDuration -->
        <test-method signature="runForDuration(int)[pri:0, instance:com.example.selenium.LoadTimeTest@3febb011]" started-at="2025-10-30T18:13:01 IST" name="runForDuration" data-provider="workers" finished-at="2025-10-30T18:23:03 IST" duration-ms="601846" status="PASS">
          <params>
            <param index="0">
              <value>
                <![CDATA[1]]>
              </value>
            </param>
          </params>
          <reporter-output>
          </reporter-output>
        </test-method> <!-- runForDuration -->
      </class> <!-- com.example.selenium.LoadTimeTest -->
    </test> <!-- UILoadTests -->
  </suite> <!-- SeleniumLoadSuite -->
</testng-results>
